<?xml version="1.0" encoding="UTF-8"?>
<!-- Generated by org.testng.reporters.JUnitXMLReporter -->
<testsuite hostname="DESKTOP-CTF5VAH" name="To verify login functionality with valid credentials" tests="2" failures="0" timestamp="3 Mar 2018 19:51:20 GMT" time="6.376" errors="0">
  <testcase name="SelectBrowser" time="6.086" classname="ejagruti.finsys.modules.ApplicationLaunching"/>
  <testcase name="doLogin" time="0.269" classname="ejagruti.finsys.modules.Login"/>
</testsuite> <!-- To verify login functionality with valid credentials -->
