<?xml version="1.0" encoding="UTF-8"?>
<!-- Generated by org.testng.reporters.JUnitXMLReporter -->
<testsuite hostname="DESKTOP-CTF5VAH" name="Verify Login Functionality with invalid credentials" tests="1" failures="1" timestamp="3 Mar 2018 03:58:04 GMT" time="0.052" errors="0">
  <testcase name="loginInvalid" time="0.031" classname="ejagruti.finsys.tcdemo.demotest">
    <failure type="java.lang.NullPointerException">
      <![CDATA[java.lang.NullPointerException
	at org.openqa.selenium.support.pagefactory.DefaultElementLocator.findElement(DefaultElementLocator.java:69)
	at org.openqa.selenium.support.pagefactory.internal.LocatingElementHandler.invoke(LocatingElementHandler.java:38)
	at com.sun.proxy.$Proxy6.sendKeys(Unknown Source)
	at ejagruti.finsys.pageobjects.loginpage.EnterUserName(loginpage.java:21)
	at ejagruti.finsys.modules.Login.Execute(Login.java:14)
	at ejagruti.finsys.tcdemo.demotest.loginInvalid(demotest.java:18)
... Removed 24 stack frames]]>
    </failure>
  </testcase> <!-- loginInvalid -->
</testsuite> <!-- Verify Login Functionality with invalid credentials -->
