<?xml version="1.0" encoding="UTF-8"?>
<!-- Generated by org.testng.reporters.JUnitXMLReporter -->
<testsuite hostname="DESKTOP-CTF5VAH" ignored="0" name="Verify Creation of a New Company by passing all Valid Details" tests="3" failures="0" timestamp="16 Jun 2018 13:56:09 GMT" time="22.232" errors="0">
  <testcase name="SelectBrowser" time="14.073" classname="ejagruti.finsys.modules.ApplicationLaunching"/>
  <testcase name="doLogin" time="0.902" classname="ejagruti.finsys.modules.Login"/>
  <testcase name="createCompany" time="7.248" classname="ejagruti.finsys.modules.CreateNewCompany"/>
</testsuite> <!-- Verify Creation of a New Company by passing all Valid Details -->
