<?xml version="1.0" encoding="UTF-8"?>
<testng-results skipped="0" failed="1" ignored="0" total="5" passed="4">
  <reporter-output>
  </reporter-output>
  <suite name="Suite" duration-ms="44039" started-at="2018-06-16T13:55:25Z" finished-at="2018-06-16T13:56:09Z">
    <groups>
    </groups>
    <test name="Verify login functionality by passing valid username and password" duration-ms="21727" started-at="2018-06-16T13:55:25Z" finished-at="2018-06-16T13:55:46Z">
      <class name="ejagruti.finsys.modules.Login">
        <test-method status="FAIL" signature="doLogin(java.lang.String, java.lang.String)[pri:0, instance:ejagruti.finsys.modules.Login@43814d18]" name="doLogin" duration-ms="1829" started-at="2018-06-16T19:25:44Z" description="Perform login to the application" finished-at="2018-06-16T19:25:46Z">
          <params>
            <param index="0">
              <value>
                <![CDATA[dummyfm]]>
              </value>
            </param>
            <param index="1">
              <value>
                <![CDATA[passw0rd]]>
              </value>
            </param>
          </params>
          <exception class="org.openqa.selenium.NoSuchElementException">
            <message>
              <![CDATA[no such element: Unable to locate element: {"method":"xpath","selector":"//span[text()='Welcome dummy[FM]']"}
  (Session info: chrome=67.0.3396.87)
  (Driver info: chromedriver=2.35.528161 (5b82f2d2aae0ca24b877009200ced9065a772e73),platform=Windows NT 10.0.17134 x86_64) (WARNING: The server did not provide any stacktrace information)
Command duration or timeout: 27 milliseconds
For documentation on this error, please visit: http://seleniumhq.org/exceptions/no_such_element.html
Build info: version: '2.53.0', revision: '35ae25b1534ae328c771e0856c93e187490ca824', time: '2016-03-15 10:43:46'
System info: host: 'DESKTOP-CTF5VAH', ip: '192.168.0.101', os.name: 'Windows 10', os.arch: 'amd64', os.version: '10.0', java.version: '1.8.0_91'
Driver info: org.openqa.selenium.chrome.ChromeDriver
Capabilities [{applicationCacheEnabled=false, rotatable=false, mobileEmulationEnabled=false, networkConnectionEnabled=false, chrome={chromedriverVersion=2.35.528161 (5b82f2d2aae0ca24b877009200ced9065a772e73), userDataDir=C:\Users\VISHAL~1\AppData\Local\Temp\scoped_dir1080_8126}, takesHeapSnapshot=true, pageLoadStrategy=normal, databaseEnabled=false, handlesAlerts=true, hasTouchScreen=false, version=67.0.3396.87, platform=XP, browserConnectionEnabled=false, nativeEvents=true, acceptSslCerts=false, acceptInsecureCerts=false, locationContextEnabled=true, webStorageEnabled=true, browserName=chrome, takesScreenshot=true, javascriptEnabled=true, cssSelectorsEnabled=true, setWindowRect=true, unexpectedAlertBehaviour=}]
Session ID: fb78924f2b73a36e74146d61bb573008
*** Element info: {Using=xpath, value=//span[text()='Welcome dummy[FM]']}]]>
            </message>
            <full-stacktrace>
              <![CDATA[org.openqa.selenium.NoSuchElementException: no such element: Unable to locate element: {"method":"xpath","selector":"//span[text()='Welcome dummy[FM]']"}
  (Session info: chrome=67.0.3396.87)
  (Driver info: chromedriver=2.35.528161 (5b82f2d2aae0ca24b877009200ced9065a772e73),platform=Windows NT 10.0.17134 x86_64) (WARNING: The server did not provide any stacktrace information)
Command duration or timeout: 27 milliseconds
For documentation on this error, please visit: http://seleniumhq.org/exceptions/no_such_element.html
Build info: version: '2.53.0', revision: '35ae25b1534ae328c771e0856c93e187490ca824', time: '2016-03-15 10:43:46'
System info: host: 'DESKTOP-CTF5VAH', ip: '192.168.0.101', os.name: 'Windows 10', os.arch: 'amd64', os.version: '10.0', java.version: '1.8.0_91'
Driver info: org.openqa.selenium.chrome.ChromeDriver
Capabilities [{applicationCacheEnabled=false, rotatable=false, mobileEmulationEnabled=false, networkConnectionEnabled=false, chrome={chromedriverVersion=2.35.528161 (5b82f2d2aae0ca24b877009200ced9065a772e73), userDataDir=C:\Users\VISHAL~1\AppData\Local\Temp\scoped_dir1080_8126}, takesHeapSnapshot=true, pageLoadStrategy=normal, databaseEnabled=false, handlesAlerts=true, hasTouchScreen=false, version=67.0.3396.87, platform=XP, browserConnectionEnabled=false, nativeEvents=true, acceptSslCerts=false, acceptInsecureCerts=false, locationContextEnabled=true, webStorageEnabled=true, browserName=chrome, takesScreenshot=true, javascriptEnabled=true, cssSelectorsEnabled=true, setWindowRect=true, unexpectedAlertBehaviour=}]
Session ID: fb78924f2b73a36e74146d61bb573008
*** Element info: {Using=xpath, value=//span[text()='Welcome dummy[FM]']}
	at sun.reflect.NativeConstructorAccessorImpl.newInstance0(Native Method)
	at sun.reflect.NativeConstructorAccessorImpl.newInstance(Unknown Source)
	at sun.reflect.DelegatingConstructorAccessorImpl.newInstance(Unknown Source)
	at java.lang.reflect.Constructor.newInstance(Unknown Source)
	at org.openqa.selenium.remote.ErrorHandler.createThrowable(ErrorHandler.java:206)
	at org.openqa.selenium.remote.ErrorHandler.throwIfResponseFailed(ErrorHandler.java:158)
	at org.openqa.selenium.remote.RemoteWebDriver.execute(RemoteWebDriver.java:678)
	at org.openqa.selenium.remote.RemoteWebDriver.findElement(RemoteWebDriver.java:363)
	at org.openqa.selenium.remote.RemoteWebDriver.findElementByXPath(RemoteWebDriver.java:500)
	at org.openqa.selenium.By$ByXPath.findElement(By.java:361)
	at org.openqa.selenium.remote.RemoteWebDriver.findElement(RemoteWebDriver.java:355)
	at org.openqa.selenium.support.pagefactory.DefaultElementLocator.findElement(DefaultElementLocator.java:69)
	at org.openqa.selenium.support.pagefactory.internal.LocatingElementHandler.invoke(LocatingElementHandler.java:38)
	at com.sun.proxy.$Proxy6.getText(Unknown Source)
	at ejagruti.finsys.pageobjects.loginpage.getLoginText(loginpage.java:62)
	at ejagruti.finsys.modules.Login.doLogin(Login.java:22)
	at sun.reflect.NativeMethodAccessorImpl.invoke0(Native Method)
	at sun.reflect.NativeMethodAccessorImpl.invoke(Unknown Source)
	at sun.reflect.DelegatingMethodAccessorImpl.invoke(Unknown Source)
	at java.lang.reflect.Method.invoke(Unknown Source)
	at org.testng.internal.MethodInvocationHelper.invokeMethod(MethodInvocationHelper.java:108)
	at org.testng.internal.Invoker.invokeMethod(Invoker.java:661)
	at org.testng.internal.Invoker.invokeTestMethod(Invoker.java:869)
	at org.testng.internal.Invoker.invokeTestMethods(Invoker.java:1193)
	at org.testng.internal.TestMethodWorker.invokeTestMethods(TestMethodWorker.java:126)
	at org.testng.internal.TestMethodWorker.run(TestMethodWorker.java:109)
	at org.testng.TestRunner.privateRun(TestRunner.java:744)
	at org.testng.TestRunner.run(TestRunner.java:602)
	at org.testng.SuiteRunner.runTest(SuiteRunner.java:380)
	at org.testng.SuiteRunner.runSequentially(SuiteRunner.java:375)
	at org.testng.SuiteRunner.privateRun(SuiteRunner.java:340)
	at org.testng.SuiteRunner.run(SuiteRunner.java:289)
	at org.testng.SuiteRunnerWorker.runSuite(SuiteRunnerWorker.java:52)
	at org.testng.SuiteRunnerWorker.run(SuiteRunnerWorker.java:86)
	at org.testng.TestNG.runSuitesSequentially(TestNG.java:1301)
	at org.testng.TestNG.runSuitesLocally(TestNG.java:1226)
	at org.testng.TestNG.runSuites(TestNG.java:1144)
	at org.testng.TestNG.run(TestNG.java:1115)
	at org.testng.remote.AbstractRemoteTestNG.run(AbstractRemoteTestNG.java:114)
	at org.testng.remote.RemoteTestNG.initAndRun(RemoteTestNG.java:251)
	at org.testng.remote.RemoteTestNG.main(RemoteTestNG.java:77)
]]>
            </full-stacktrace>
          </exception> <!-- org.openqa.selenium.NoSuchElementException -->
          <reporter-output>
          </reporter-output>
        </test-method> <!-- doLogin -->
      </class> <!-- ejagruti.finsys.modules.Login -->
      <class name="ejagruti.finsys.modules.ApplicationLaunching">
        <test-method status="PASS" signature="SelectBrowser(java.lang.String, java.lang.String, java.lang.String)[pri:0, instance:ejagruti.finsys.modules.ApplicationLaunching@3dd4520b]" name="SelectBrowser" duration-ms="19852" started-at="2018-06-16T19:25:25Z" description="Select browser to launch application " finished-at="2018-06-16T19:25:44Z">
          <params>
            <param index="0">
              <value>
                <![CDATA[ch]]>
              </value>
            </param>
            <param index="1">
              <value>
                <![CDATA[http://localhost:90/finsys]]>
              </value>
            </param>
            <param index="2">
              <value>
                <![CDATA[C:\\Users\\Vishal-PC\\Downloads\\chromedriver.exe]]>
              </value>
            </param>
          </params>
          <reporter-output>
          </reporter-output>
        </test-method> <!-- SelectBrowser -->
      </class> <!-- ejagruti.finsys.modules.ApplicationLaunching -->
    </test> <!-- Verify login functionality by passing valid username and password -->
    <test name="Verify Creation of a New Company by passing all Valid Details" duration-ms="22232" started-at="2018-06-16T13:55:46Z" finished-at="2018-06-16T13:56:09Z">
      <class name="ejagruti.finsys.modules.CreateNewCompany">
        <test-method status="PASS" signature="createCompany(java.lang.String, java.lang.String, java.lang.String, java.lang.String, java.lang.String, java.lang.String, java.lang.String, java.lang.String, java.lang.String, java.lang.String, java.lang.String, java.lang.String, java.lang.String, java.lang.String)[pri:0, instance:ejagruti.finsys.modules.CreateNewCompany@9660f4e]" name="createCompany" duration-ms="7248" started-at="2018-06-16T19:26:01Z" description="Enter the details for the new company creation" finished-at="2018-06-16T19:26:09Z">
          <params>
            <param index="0">
              <value>
                <![CDATA[Devandand pvt ltd]]>
              </value>
            </param>
            <param index="1">
              <value>
                <![CDATA[IT]]>
              </value>
            </param>
            <param index="2">
              <value>
                <![CDATA[Service]]>
              </value>
            </param>
            <param index="3">
              <value>
                <![CDATA[B-CABIN]]>
              </value>
            </param>
            <param index="4">
              <value>
                <![CDATA[7208751589]]>
              </value>
            </param>
            <param index="5">
              <value>
                <![CDATA[sachinsose@gmail.com]]>
              </value>
            </param>
            <param index="6">
              <value>
                <![CDATA[BQGPRGGHHH]]>
              </value>
            </param>
            <param index="7">
              <value>
                <![CDATA[7246454565]]>
              </value>
            </param>
            <param index="8">
              <value>
                <![CDATA[7528588825]]>
              </value>
            </param>
            <param index="9">
              <value>
                <![CDATA[www.fb.com]]>
              </value>
            </param>
            <param index="10">
              <value>
                <![CDATA[IN]]>
              </value>
            </param>
            <param index="11">
              <value>
                <![CDATA[ANDHRA PRADESH]]>
              </value>
            </param>
            <param index="12">
              <value>
                <![CDATA[HYDERABAD]]>
              </value>
            </param>
            <param index="13">
              <value>
                <![CDATA[200]]>
              </value>
            </param>
          </params>
          <reporter-output>
          </reporter-output>
        </test-method> <!-- createCompany -->
      </class> <!-- ejagruti.finsys.modules.CreateNewCompany -->
      <class name="ejagruti.finsys.modules.Login">
        <test-method status="PASS" signature="doLogin(java.lang.String, java.lang.String)[pri:0, instance:ejagruti.finsys.modules.Login@7c29daf3]" name="doLogin" duration-ms="902" started-at="2018-06-16T19:26:00Z" description="Perform login to the application" finished-at="2018-06-16T19:26:01Z">
          <params>
            <param index="0">
              <value>
                <![CDATA[dummyfm]]>
              </value>
            </param>
            <param index="1">
              <value>
                <![CDATA[passw0rd]]>
              </value>
            </param>
          </params>
          <reporter-output>
          </reporter-output>
        </test-method> <!-- doLogin -->
      </class> <!-- ejagruti.finsys.modules.Login -->
      <class name="ejagruti.finsys.modules.ApplicationLaunching">
        <test-method status="PASS" signature="SelectBrowser(java.lang.String, java.lang.String, java.lang.String)[pri:0, instance:ejagruti.finsys.modules.ApplicationLaunching@4bbfb90a]" name="SelectBrowser" duration-ms="14073" started-at="2018-06-16T19:25:46Z" description="Select browser to launch application " finished-at="2018-06-16T19:26:00Z">
          <params>
            <param index="0">
              <value>
                <![CDATA[ch]]>
              </value>
            </param>
            <param index="1">
              <value>
                <![CDATA[http://localhost:90/finsys]]>
              </value>
            </param>
            <param index="2">
              <value>
                <![CDATA[C:\\Users\\Vishal-PC\\Downloads\\chromedriver.exe]]>
              </value>
            </param>
          </params>
          <reporter-output>
          </reporter-output>
        </test-method> <!-- SelectBrowser -->
      </class> <!-- ejagruti.finsys.modules.ApplicationLaunching -->
    </test> <!-- Verify Creation of a New Company by passing all Valid Details -->
  </suite> <!-- Suite -->
</testng-results>
