<?xml version="1.0" encoding="UTF-8"?>
<!-- Generated by org.testng.reporters.JUnitXMLReporter -->
<testsuite hostname="DESKTOP-CTF5VAH" ignored="0" name="Verify login functionality by passing valid username and password" tests="2" failures="0" timestamp="16 Jun 2018 03:10:48 GMT" time="7.889" errors="0">
  <testcase name="SelectBrowser" time="6.834" classname="ejagruti.finsys.modules.ApplicationLaunching"/>
  <testcase name="doLogin" time="1.024" classname="ejagruti.finsys.modules.Login"/>
</testsuite> <!-- Verify login functionality by passing valid username and password -->
